mode: set
github.com/jerry-hms/redis-pagination/hash_db.go:14.44,18.2 1 1
github.com/jerry-hms/redis-pagination/hash_db.go:20.50,21.22 1 1
github.com/jerry-hms/redis-pagination/hash_db.go:21.22,27.3 1 1
github.com/jerry-hms/redis-pagination/hash_db.go:28.2,28.17 1 1
github.com/jerry-hms/redis-pagination/hash_db.go:37.51,40.2 2 1
github.com/jerry-hms/redis-pagination/hash_db.go:42.49,43.17 1 1
github.com/jerry-hms/redis-pagination/hash_db.go:43.17,45.3 1 0
github.com/jerry-hms/redis-pagination/hash_db.go:46.2,46.19 1 1
github.com/jerry-hms/redis-pagination/hash_db.go:49.53,52.2 2 1
github.com/jerry-hms/redis-pagination/hash_db.go:54.49,55.19 1 1
github.com/jerry-hms/redis-pagination/hash_db.go:55.19,57.3 1 0
github.com/jerry-hms/redis-pagination/hash_db.go:58.2,58.21 1 1
github.com/jerry-hms/redis-pagination/hash_db.go:62.48,67.16 4 1
github.com/jerry-hms/redis-pagination/hash_db.go:67.16,69.3 1 0
github.com/jerry-hms/redis-pagination/hash_db.go:70.2,71.16 2 1
github.com/jerry-hms/redis-pagination/hash_db.go:71.16,73.3 1 0
github.com/jerry-hms/redis-pagination/hash_db.go:75.2,92.12 3 1
github.com/jerry-hms/redis-pagination/hash_db.go:109.82,113.14 3 1
github.com/jerry-hms/redis-pagination/hash_db.go:114.13,115.127 1 0
github.com/jerry-hms/redis-pagination/hash_db.go:116.14,117.130 1 1
github.com/jerry-hms/redis-pagination/hash_db.go:120.2,121.16 2 1
github.com/jerry-hms/redis-pagination/hash_db.go:121.16,123.3 1 0
github.com/jerry-hms/redis-pagination/hash_db.go:124.2,125.27 2 1
github.com/jerry-hms/redis-pagination/hash_db.go:125.27,128.16 2 1
github.com/jerry-hms/redis-pagination/hash_db.go:128.16,130.4 1 1
github.com/jerry-hms/redis-pagination/hash_db.go:132.2,133.22 2 1
github.com/jerry-hms/redis-pagination/hash_db.go:137.38,140.2 2 1
github.com/jerry-hms/redis-pagination/pagination.go:5.53,10.2 1 1
github.com/jerry-hms/redis-pagination/pagination.go:20.38,22.2 1 1
github.com/jerry-hms/redis-pagination/pagination.go:24.37,25.18 1 1
github.com/jerry-hms/redis-pagination/pagination.go:25.18,27.3 1 0
github.com/jerry-hms/redis-pagination/pagination.go:28.2,28.16 1 1
github.com/jerry-hms/redis-pagination/pagination.go:31.35,33.2 1 1
github.com/jerry-hms/redis-pagination/pagination.go:35.36,36.17 1 1
github.com/jerry-hms/redis-pagination/pagination.go:36.17,38.3 1 0
github.com/jerry-hms/redis-pagination/pagination.go:39.2,39.15 1 1
github.com/jerry-hms/redis-pagination/pagination.go:42.51,45.2 2 1
